<?xml version="1.0" encoding="UTF-8"?>
<!-- Generated by org.testng.reporters.JUnitXMLReporter -->
<testsuite ignored="2" hostname="Admin" failures="0" tests="1" name="Default test" time="17.945" errors="0" timestamp="30 Apr 2023 04:26:13 GMT">
  <testcase classname="TestCases.LoginTest" name="test4" time="12.001"/>
  <testcase classname="TestCases.LoginTest" name="test2" time="0.0">
    <ignored/>
  </testcase> <!-- test2 -->
  <testcase classname="TestCases.LoginTest" name="test1" time="0.0">
    <ignored/>
  </testcase> <!-- test1 -->
</testsuite> <!-- Default test -->
