<?xml version="1.0" encoding="UTF-8"?>
<testng-results skipped="0" failed="0" ignored="0" total="1" passed="1">
  <reporter-output>
  </reporter-output>
  <suite name="Suite" duration-ms="21767" started-at="2023-04-30T06:59:54Z" finished-at="2023-04-30T07:00:16Z">
    <groups>
    </groups>
    <test name="Test" duration-ms="21767" started-at="2023-04-30T06:59:54Z" finished-at="2023-04-30T07:00:16Z">
      <class name="TestCases.HomePageTest">
        <test-method status="PASS" signature="ReportSetup()[pri:0, instance:TestCases.HomePageTest@6591f517]" name="ReportSetup" is-config="true" duration-ms="1355" started-at="2023-04-30T06:59:54Z" finished-at="2023-04-30T06:59:55Z">
          <reporter-output>
          </reporter-output>
        </test-method> <!-- ReportSetup -->
        <test-method status="PASS" signature="SetUp(java.lang.reflect.Method)[pri:0, instance:TestCases.HomePageTest@6591f517]" name="SetUp" is-config="true" duration-ms="19040" started-at="2023-04-30T06:59:55Z" finished-at="2023-04-30T07:00:14Z">
          <params>
            <param index="0">
              <value>
                <![CDATA[public void TestCases.HomePageTest.test3()]]>
              </value>
            </param>
          </params>
          <reporter-output>
          </reporter-output>
        </test-method> <!-- SetUp -->
        <test-method status="PASS" signature="test3()[pri:0, instance:TestCases.HomePageTest@6591f517]" name="test3" duration-ms="1" started-at="2023-04-30T07:00:14Z" finished-at="2023-04-30T07:00:14Z">
          <reporter-output>
          </reporter-output>
        </test-method> <!-- test3 -->
        <test-method status="PASS" signature="TearDown()[pri:0, instance:TestCases.HomePageTest@6591f517]" name="TearDown" is-config="true" duration-ms="732" started-at="2023-04-30T07:00:14Z" finished-at="2023-04-30T07:00:15Z">
          <reporter-output>
          </reporter-output>
        </test-method> <!-- TearDown -->
        <test-method status="PASS" signature="ReportClean()[pri:0, instance:TestCases.HomePageTest@6591f517]" name="ReportClean" is-config="true" duration-ms="615" started-at="2023-04-30T07:00:15Z" finished-at="2023-04-30T07:00:16Z">
          <reporter-output>
          </reporter-output>
        </test-method> <!-- ReportClean -->
      </class> <!-- TestCases.HomePageTest -->
    </test> <!-- Test -->
  </suite> <!-- Suite -->
</testng-results>
