<?xml version="1.0" encoding="UTF-8"?>
<testng-results ignored="2" total="3" passed="1" failed="0" skipped="0">
  <reporter-output>
  </reporter-output>
  <suite started-at="2023-04-30T04:25:55Z" name="Default suite" finished-at="2023-04-30T04:26:13Z" duration-ms="17945">
    <groups>
    </groups>
    <test started-at="2023-04-30T04:25:55Z" name="Default test" finished-at="2023-04-30T04:26:13Z" duration-ms="17945">
      <class name="TestCases.LoginTest">
        <test-method is-config="true" signature="ReportSetup()[pri:0, instance:TestCases.LoginTest@79dc5318]" started-at="2023-04-30T04:25:55Z" name="ReportSetup" finished-at="2023-04-30T04:25:56Z" duration-ms="842" status="PASS">
          <reporter-output>
          </reporter-output>
        </test-method> <!-- ReportSetup -->
        <test-method is-config="true" signature="SetUp(java.lang.reflect.Method)[pri:0, instance:TestCases.LoginTest@79dc5318]" started-at="2023-04-30T04:25:56Z" name="SetUp" finished-at="2023-04-30T04:26:00Z" duration-ms="4358" status="PASS">
          <params>
            <param index="0">
              <value>
                <![CDATA[public void TestCases.LoginTest.test4() throws com.codoid.products.exception.FilloException,java.lang.InterruptedException]]>
              </value>
            </param>
          </params>
          <reporter-output>
          </reporter-output>
        </test-method> <!-- SetUp -->
        <test-method signature="test4()[pri:0, instance:TestCases.LoginTest@79dc5318]" started-at="2023-04-30T04:26:00Z" name="test4" finished-at="2023-04-30T04:26:12Z" duration-ms="12001" status="PASS">
          <reporter-output>
          </reporter-output>
        </test-method> <!-- test4 -->
        <test-method is-config="true" signature="TearDown()[pri:0, instance:TestCases.LoginTest@79dc5318]" started-at="2023-04-30T04:26:12Z" name="TearDown" finished-at="2023-04-30T04:26:12Z" duration-ms="384" status="PASS">
          <reporter-output>
          </reporter-output>
        </test-method> <!-- TearDown -->
        <test-method is-config="true" signature="ReportClean()[pri:0, instance:TestCases.LoginTest@79dc5318]" started-at="2023-04-30T04:26:12Z" name="ReportClean" finished-at="2023-04-30T04:26:13Z" duration-ms="336" status="PASS">
          <reporter-output>
          </reporter-output>
        </test-method> <!-- ReportClean -->
      </class> <!-- TestCases.LoginTest -->
    </test> <!-- Default test -->
  </suite> <!-- Default suite -->
</testng-results>
